<?xml version="1.0" encoding="UTF-8"?>
<testng-results skipped="0" failed="0" total="1" passed="1">
  <reporter-output>
  </reporter-output>
  <suite name="Default suite" duration-ms="72056" started-at="2015-05-20T10:22:59Z" finished-at="2015-05-20T10:24:11Z">
    <groups>
    </groups>
    <test name="Default test" duration-ms="72056" started-at="2015-05-20T10:22:59Z" finished-at="2015-05-20T10:24:11Z">
      <class name="testCase.FlightBooking">
        <test-method status="PASS" signature="domesticBooking()[pri:0, instance:testCase.FlightBooking@6a03af]" name="domesticBooking" duration-ms="72047" started-at="2015-05-20T15:52:59Z" finished-at="2015-05-20T15:54:11Z">
          <reporter-output>
          </reporter-output>
        </test-method> <!-- domesticBooking -->
      </class> <!-- testCase.FlightBooking -->
    </test> <!-- Default test -->
  </suite> <!-- Default suite -->
</testng-results>
