<?xml version="1.0" encoding="UTF-8"?>
<testng-results skipped="0" failed="0" total="1" passed="1">
  <reporter-output>
  </reporter-output>
  <suite name="Default suite" duration-ms="811017" started-at="2015-05-21T08:05:36Z" finished-at="2015-05-21T08:19:07Z">
    <groups>
    </groups>
    <test name="Default test" duration-ms="811017" started-at="2015-05-21T08:05:36Z" finished-at="2015-05-21T08:19:07Z">
      <class name="testCase.FlightBooking">
        <test-method status="PASS" signature="domesticBooking()[pri:0, instance:testCase.FlightBooking@524010]" name="domesticBooking" duration-ms="811002" started-at="2015-05-21T13:35:36Z" finished-at="2015-05-21T13:49:07Z">
          <reporter-output>
          </reporter-output>
        </test-method> <!-- domesticBooking -->
      </class> <!-- testCase.FlightBooking -->
    </test> <!-- Default test -->
  </suite> <!-- Default suite -->
</testng-results>
